<?xml version="1.0" encoding="UTF-8"?>
<testng-results ignored="0" total="1" passed="1" failed="0" skipped="0">
  <reporter-output>
  </reporter-output>
  <suite started-at="2022-09-07T21:24:27 IST" name="Default suite" finished-at="2022-09-07T21:24:27 IST" duration-ms="102">
    <groups>
    </groups>
    <test started-at="2022-09-07T21:24:27 IST" name="Default test" finished-at="2022-09-07T21:24:27 IST" duration-ms="102">
      <class name="com.SeleniumMasterMaven.CalendarAutomationTest">
        <test-method signature="CalendarAuto()[pri:0, instance:com.SeleniumMasterMaven.CalendarAutomationTest@3ee37e5a]" started-at="2022-09-07T21:24:27 IST" name="CalendarAuto" finished-at="2022-09-07T21:24:27 IST" duration-ms="22" status="PASS">
          <reporter-output>
          </reporter-output>
        </test-method> <!-- CalendarAuto -->
      </class> <!-- com.SeleniumMasterMaven.CalendarAutomationTest -->
    </test> <!-- Default test -->
  </suite> <!-- Default suite -->
</testng-results>
